[2017-12-18 12:39:28] my_logger.INFO: hello lulu [] []
[2017-12-18 12:39:44] my_logger.INFO: hello lul [] []
[2017-12-18 12:39:47] my_logger.INFO: hello thomas [] []
[2017-12-18 12:57:57] my_logger.INFO: hello thomas [] []
[2017-12-18 12:58:57] my_logger.INFO: hello thomas [] []
[2017-12-18 13:01:52] my_logger.INFO: hello thomas [] []
[2017-12-18 13:03:17] my_logger.INFO: hello thomas [] []
[2017-12-18 13:03:34] my_logger.INFO: hello thomas [] []
[2017-12-18 13:13:12] my_logger.INFO: hello thomas [] []
[2017-12-18 15:17:58] my_logger.INFO: url:localhost:8000/user/0 [] []
[2017-12-18 15:25:25] my_logger.INFO: url:localhost:8000/user/10 [] []
[2017-12-18 15:25:27] my_logger.INFO: url:localhost:8000/user/1 [] []
[2017-12-18 15:25:55] my_logger.INFO: url:localhost:8000/user/1 [] []
[2017-12-18 15:28:55] my_logger.INFO: url: localhost:8000/user/ method: get [] []
[2017-12-18 15:41:58] blogr_logger.INFO: url: localhost:8000/user/ method: get [] []
[2017-12-18 15:44:33] blogr_logger.INFO: url: localhost:8000/user/1 method: delete [] []
[2017-12-18 15:46:54] blogr_logger.INFO: url: localhost:8000/user/1 method: delete [] []
[2017-12-18 15:59:01] blogr_logger.INFO: url: localhost:8000/user/1 method: put [] []
[2017-12-18 17:50:45] blogr_logger.INFO: url: localhost:8000/user/ method: post [] []
[2017-12-18 17:51:19] blogr_logger.INFO: url: localhost:8000/user/ method: post [] []
[2017-12-18 17:51:24] blogr_logger.INFO: url: localhost:8000/user/ method: post [] []
[2017-12-18 17:52:36] blogr_logger.INFO: url: localhost:8000/user/ method: post [] []
[2017-12-18 17:52:44] blogr_logger.INFO: url: localhost:8000/user/ method: post [] []
[2017-12-18 17:53:02] blogr_logger.INFO: url: localhost:8000/user/ method: post [] []
[2017-12-18 17:53:31] blogr_logger.INFO: url: localhost:8000/user/ method: post [] []
[2017-12-18 17:56:29] blogr_logger.INFO: url: localhost:8000/user/ method: post [] []
[2017-12-18 17:57:46] blogr_logger.INFO: url: localhost:8000/user/ method: post [] []
[2017-12-18 17:57:52] blogr_logger.INFO: url: localhost:8000/user/ method: post [] []
[2017-12-18 17:58:13] blogr_logger.INFO: url: localhost:8000/user/ method: post [] []
[2017-12-19 08:50:04] blogr_logger.INFO: url: localhost:8000/user/ method: post [] []
[2017-12-19 08:50:29] blogr_logger.INFO: url: localhost:8000/user/ method: post [] []
[2017-12-19 08:54:05] blogr_logger.INFO: url: localhost:8000/user/ method: post [] []
[2017-12-19 08:54:52] blogr_logger.INFO: url: localhost:8000/user/ method: post [] []
[2017-12-19 08:55:17] blogr_logger.INFO: url: localhost:8000/user/ method: post [] []
[2017-12-19 08:57:32] blogr_logger.INFO: url: localhost:8000/user/ method: post [] []
[2017-12-19 08:57:43] blogr_logger.INFO: url: localhost:8000/user/ method: post [] []
[2017-12-19 08:58:40] blogr_logger.INFO: url: localhost:8000/user/ method: post [] []
[2017-12-19 08:59:42] blogr_logger.INFO: url: localhost:8000/user/ method: post [] []
[2017-12-19 08:59:54] blogr_logger.INFO: url: localhost:8000/user/ method: post [] []
[2017-12-19 09:00:06] blogr_logger.INFO: url: localhost:8000/user/ method: post [] []
[2017-12-19 09:05:37] blogr_logger.INFO: url: localhost:8000/user/ method: post [] []
[2017-12-19 09:06:17] blogr_logger.INFO: url: localhost:8000/user/ method: post [] []
[2017-12-19 09:07:18] blogr_logger.INFO: url: localhost:8000/user/ method: post [] []
[2017-12-19 09:08:00] blogr_logger.INFO: url: localhost:8000/user/ method: post [] []
[2017-12-19 09:08:23] blogr_logger.INFO: url: localhost:8000/user/ method: post [] []
[2017-12-19 09:09:05] blogr_logger.INFO: url: localhost:8000/user/ method: post [] []
[2017-12-19 09:09:21] blogr_logger.INFO: url: localhost:8000/user/ method: post [] []
[2017-12-19 09:09:31] blogr_logger.INFO: url: localhost:8000/user/ method: post [] []
[2017-12-19 09:09:38] blogr_logger.INFO: url: localhost:8000/user/ method: post [] []
[2017-12-19 09:09:53] blogr_logger.INFO: url: localhost:8000/user/ method: post [] []
[2017-12-19 09:24:47] blogr_logger.INFO: url: localhost:8000/user/ method: post [] []
[2017-12-19 09:25:56] blogr_logger.INFO: url: localhost:8000/user/ method: post [] []
[2017-12-19 09:26:38] blogr_logger.INFO: url: localhost:8000/user/ method: post [] []
[2017-12-19 09:27:34] blogr_logger.INFO: url: localhost:8000/user/ method: post [] []
[2017-12-19 10:30:36] blogr_logger.INFO: url: localhost:8000/user/ method: get [] []
[2017-12-19 10:31:23] blogr_logger.INFO: url: localhost:8000/user/ method: get [] []
[2017-12-19 10:31:36] blogr_logger.INFO: url: localhost:8000/user/ method: get [] []
[2017-12-19 10:31:46] blogr_logger.INFO: url: localhost:8000/user/ method: get [] []
[2017-12-19 10:31:55] blogr_logger.INFO: url: localhost:8000/user/ method: get [] []
[2017-12-19 10:32:22] blogr_logger.INFO: url: localhost:8000/blog/2 method: delete [] []
[2017-12-19 10:32:40] blogr_logger.INFO: url: localhost:8000/user/1 method: get [] []
[2017-12-19 10:32:43] blogr_logger.INFO: url: localhost:8000/user/2 method: get [] []
[2017-12-19 10:33:04] blogr_logger.INFO: url: localhost:8000/user/3 method: get [] []
[2017-12-19 10:33:17] blogr_logger.INFO: url: localhost:8000/user/3 method: get [] []
[2017-12-19 10:34:01] blogr_logger.INFO: url: localhost:8000/user/3 method: get [] []
[2017-12-19 10:34:10] blogr_logger.INFO: url: localhost:8000/user/3 method: get [] []
[2017-12-19 10:35:11] blogr_logger.INFO: url: localhost:8000/user/ method: get [] []
[2017-12-19 10:35:16] blogr_logger.INFO: url: localhost:8000/user/3 method: get [] []
[2017-12-19 10:35:19] blogr_logger.INFO: url: localhost:8000/user/2 method: get [] []
[2017-12-19 10:36:30] blogr_logger.INFO: url: localhost:8000/user/3 method: get [] []
[2017-12-19 10:36:33] blogr_logger.INFO: url: localhost:8000/user/2 method: get [] []
[2017-12-19 10:36:50] blogr_logger.INFO: url: localhost:8000/user/2 method: get [] []
[2017-12-19 10:37:02] blogr_logger.INFO: url: localhost:8000/user/3 method: get [] []
[2017-12-19 10:37:04] blogr_logger.INFO: url: localhost:8000/user/2 method: get [] []
[2017-12-19 10:37:43] blogr_logger.INFO: url: localhost:8000/user/2 method: get [] []
[2017-12-19 10:37:57] blogr_logger.INFO: url: localhost:8000/user/3 method: get [] []
[2017-12-19 10:38:03] blogr_logger.INFO: url: localhost:8000/user/ method: get [] []
[2017-12-19 15:42:43] blogr_logger.INFO: url: localhost:8000/blog/1 method: get [] []
[2017-12-19 15:47:00] blogr_logger.INFO: url: localhost:8000/blog/ method: post [] []
[2017-12-19 15:47:34] blogr_logger.INFO: url: localhost:8000/blog/1 method: get [] []
[2017-12-19 15:47:40] blogr_logger.INFO: url: localhost:8000/v1/artical/ method: get [] []
[2017-12-19 15:48:09] blogr_logger.INFO: url: localhost:8000/v1/artical/ method: get [] []
[2017-12-19 15:50:49] blogr_logger.INFO: url: localhost:8000/artical/ method: post [] []
[2017-12-19 15:51:05] blogr_logger.INFO: url: localhost:8000/artical/ method: post [] []
[2017-12-19 15:51:10] blogr_logger.INFO: url: localhost:8000/artical/ method: post [] []
[2017-12-19 15:52:08] blogr_logger.INFO: url: localhost:8000/artical/ method: post [] []
[2017-12-19 15:52:25] blogr_logger.INFO: url: localhost:8000/v1/artical/ method: get [] []
[2017-12-19 15:56:00] blogr_logger.INFO: url: localhost:8000/v1/artical/ method: get [] []
[2017-12-19 15:56:36] blogr_logger.INFO: url: localhost:8000/v1/artical/ method: get [] []
[2017-12-19 16:02:55] blogr_logger.INFO: url: localhost:8000/v1/artical/1 method: get [] []
[2017-12-19 16:22:00] blogr_logger.INFO: url: localhost:8000/blog/1 method: get [] []
>>>>>>> 524c07ff8eae3972f16de76357191fcce2f427bb
[2017-12-19 15:29:15] blogr_logger.INFO: url: localhost:8000/blog/1 method: get [] []
[2017-12-19 15:29:29] blogr_logger.INFO: url: localhost:8000/blog/2 method: get [] []
